Log file open, 09/01/18 13:19:14
LogInit:Display: Running engine for game: MiniKun
LogPlatformFile: Not using cached read wrapper
LogInit:Display: RandInit(-1483970801) SRandInit(-1483970801).
LogTaskGraph: Started task graph with 5 named threads and 8 total threads with 1 sets of task threads.
LogStats: Stats thread started at 0.086684
LogInit: Using libcurl 7.47.1
LogInit:  - built for x86_64-pc-win32
LogInit:  - supports SSL with OpenSSL/1.0.2g
LogInit:  - supports HTTP deflate (compression) using libz 1.2.8
LogInit:  - other features:
LogInit:      CURL_VERSION_SSL
LogInit:      CURL_VERSION_LIBZ
LogInit:      CURL_VERSION_IPV6
LogInit:      CURL_VERSION_ASYNCHDNS
LogInit:      CURL_VERSION_LARGEFILE
LogInit:      CURL_VERSION_IDN
LogInit:  CurlRequestOptions (configurable via config and command line):
LogInit:  - bVerifyPeer = false  - Libcurl will NOT verify peer certificate
LogInit:  - bUseHttpProxy = false  - Libcurl will NOT use HTTP proxy
LogInit:  - bDontReuseConnections = false  - Libcurl will reuse connections
LogInit:  - CertBundlePath = nullptr  - Libcurl will use whatever was configured at build time.
LogInit: Build: ++UE4+Release-4.15-CL-3450819
LogInit: Engine Version: 4.15.3-3450819+++UE4+Release-4.15
LogInit: Compatible Engine Version: 4.15.0-3299760+++UE4+Release-4.15
LogInit: Net CL: 3299760
LogDevObjectVersion: Number of dev versions registered: 14
LogDevObjectVersion:   Dev-Blueprints (B0D832E4-1F89-4F0D-ACCF-7EB736FD4AA2): 8
LogDevObjectVersion:   Dev-Build (E1C64328-A22C-4D53-A36C-8E866417BD8C): 0
LogDevObjectVersion:   Dev-Core (375EC13C-06E4-48FB-B500-84F0262A717E): 2
LogDevObjectVersion:   Dev-Editor (E4B068ED-F494-42E9-A231-DA0B2E46BB41): 14
LogDevObjectVersion:   Dev-Framework (CFFC743F-43B0-4480-9391-14DF171D2073): 22
LogDevObjectVersion:   Dev-Mobile (B02B49B5-BB20-44E9-A304-32B752E40360): 0
LogDevObjectVersion:   Dev-Networking (A4E4105C-59A1-49B5-A7C5-40C4547EDFEE): 0
LogDevObjectVersion:   Dev-Online (39C831C9-5AE6-47DC-9A44-9C173E1C8E7C): 0
LogDevObjectVersion:   Dev-Physics (78F01B33-EBEA-4F98-B9B4-84EACCB95AA2): 0
LogDevObjectVersion:   Dev-Platform (6631380F-2D4D-43E0-8009-CF276956A95A): 0
LogDevObjectVersion:   Dev-Rendering (12F88B9F-8875-4AFC-A67C-D90C383ABD29): 12
LogDevObjectVersion:   Dev-Sequencer (7B5AE74C-D270-4C10-A958-57980B212A5A): 3
LogDevObjectVersion:   Dev-VR (D7296918-1DD6-4BDD-9DE2-64A83CC13884): 0
LogDevObjectVersion:   Dev-LoadTimes (C2A15278-BFE7-4AFE-6C17-90FF531DF755): 1
LogInit: Compiled (64-bit): May 21 2017 11:02:34
LogInit: Compiled with Visual C++: 19.00.23026.00
LogInit: Build Configuration: Development
LogInit: Branch Name: ++UE4+Release-4.15
LogInit: Command line:  
LogInit: Base directory: C:/Program Files/Epic Games/UE_4.15/Engine/Binaries/Win64/
LogInit: Installed Engine Build: 1
LogInit: Presizing for max 8388607 objects, including 0 objects not considered by GC, pre-allocating 0 bytes for permanent pool.
LogInit: Object subsystem initialized
[2018.09.01-05.19.15:818][  0]LogInit: Selected Device Profile: [Windows]
[2018.09.01-05.19.15:818][  0]LogInit: Applying CVar settings loaded from the selected device profile: [Windows]
[2018.09.01-05.19.15:829][  0]LogInit: Computer: DESKTOP-K0JKR74
[2018.09.01-05.19.15:829][  0]LogInit: User: yuletian
[2018.09.01-05.19.15:829][  0]LogInit: CPU Page size=65536, Cores=4
[2018.09.01-05.19.15:829][  0]LogInit: High frequency timer resolution =2.531252 MHz
[2018.09.01-05.19.15:829][  0]LogMemory: Memory total: Physical=16.0GB (16GB approx)
[2018.09.01-05.19.15:829][  0]LogMemory: Platform Memory Stats for Windows
[2018.09.01-05.19.15:829][  0]LogMemory: Process Physical Memory: 263.75 MB used, 263.75 MB peak
[2018.09.01-05.19.15:829][  0]LogMemory: Process Virtual Memory: 262.68 MB used, 262.68 MB peak
[2018.09.01-05.19.15:829][  0]LogMemory: Physical Memory: 3663.16 MB used,  12682.63 MB free, 16345.79 MB total
[2018.09.01-05.19.15:829][  0]LogMemory: Virtual Memory: 4779.32 MB used,  12682.63 MB free, 134217728.00 MB total
[2018.09.01-05.19.15:933][  0]LogInit: Overriding culture en with editor configuration.
[2018.09.01-05.19.16:534][  0]LogD3D11RHI: D3D11 adapters:
[2018.09.01-05.19.16:609][  0]LogD3D11RHI:    0. 'NVIDIA GeForce GTX 1060' (Feature Level 11_0)
[2018.09.01-05.19.16:609][  0]LogD3D11RHI:       6052/0/8172 MB DedicatedVideo/DedicatedSystem/SharedSystem, Outputs:1, VendorId:0x10de
[2018.09.01-05.19.16:611][  0]LogD3D11RHI:    1. 'Microsoft Basic Render Driver' (Feature Level 11_0)
[2018.09.01-05.19.16:611][  0]LogD3D11RHI:       0/0/8172 MB DedicatedVideo/DedicatedSystem/SharedSystem, Outputs:0, VendorId:0x1414
[2018.09.01-05.19.16:611][  0]LogD3D11RHI: Chosen D3D11 Adapter: 0
[2018.09.01-05.19.16:616][  0]LogD3D11RHI: Creating new Direct3DDevice
[2018.09.01-05.19.16:616][  0]LogD3D11RHI:     GPU DeviceId: 0x1c60 (for the marketing name, search the web for "GPU Device Id")
[2018.09.01-05.19.16:616][  0]LogWindows: EnumDisplayDevices:
[2018.09.01-05.19.16:616][  0]LogWindows:    0. 'NVIDIA GeForce GTX 1060' (P:1 D:1)
[2018.09.01-05.19.16:616][  0]LogWindows:    1. 'NVIDIA GeForce GTX 1060' (P:0 D:0)
[2018.09.01-05.19.16:617][  0]LogWindows:    2. 'NVIDIA GeForce GTX 1060' (P:0 D:0)
[2018.09.01-05.19.16:617][  0]LogWindows:    3. 'NVIDIA GeForce GTX 1060' (P:0 D:0)
[2018.09.01-05.19.16:617][  0]LogWindows: DebugString: GetVideoDriverDetailsInvalid PrimaryIsNotTheChoosenAdapter GetVideoDriverDetailsInvalid PrimaryIsNotTheChoosenAdapter GetVideoDriverDetailsInvalid PrimaryIsNotTheChoosenAdapter GetVideoDriverDetailsInvalid PrimaryIsNotTheChoosenAdapter FoundDriverCount:0 
[2018.09.01-05.19.16:617][  0]LogD3D11RHI:     Adapter Name: NVIDIA GeForce GTX 1060
[2018.09.01-05.19.16:617][  0]LogD3D11RHI:   Driver Version: Unknown (internal:Unknown, unified:Unknown)
[2018.09.01-05.19.16:617][  0]LogD3D11RHI:      Driver Date: Unknown
[2018.09.01-05.19.16:617][  0]LogRHI: Texture pool is 1361 MB (70% of 1945 MB)
[2018.09.01-05.19.16:651][  0]LogD3D11RHI: Async texture creation enabled
[2018.09.01-05.19.16:683][  0]LogD3D11RHI: GPU Timing Frequency: 1000.000000 (Debug: 2 2)
[2018.09.01-05.19.16:726][  0]LogShaderCompilers: Guid format shader working directory is 27 characters bigger than the processId version (D:/GameDev/Ue4/MiniKun/Intermediate/Shaders/WorkingDirectory/8720/).
[2018.09.01-05.19.16:727][  0]LogShaderCompilers: Cleaned the shader compiler working directory 'C:/Users/yuletian/AppData/Local/Temp/UnrealShaderWorkingDir/00EB8CA843915D754D3E32A3D4782783/'.
[2018.09.01-05.19.16:727][  0]LogShaderCompilers:Display: Using Local Shader Compiler.
[2018.09.01-05.19.17:736][  0]LogTemp:Display: Loaded TP AllDesktopTargetPlatform
[2018.09.01-05.19.17:790][  0]LogTemp:Display: Loaded TP MacClientTargetPlatform
[2018.09.01-05.19.17:846][  0]LogTemp:Display: Loaded TP MacNoEditorTargetPlatform
[2018.09.01-05.19.17:900][  0]LogTemp:Display: Loaded TP MacServerTargetPlatform
[2018.09.01-05.19.17:956][  0]LogTemp:Display: Loaded TP MacTargetPlatform
[2018.09.01-05.19.18:011][  0]LogTemp:Display: Loaded TP WindowsClientTargetPlatform
[2018.09.01-05.19.18:065][  0]LogTemp:Display: Loaded TP WindowsNoEditorTargetPlatform
[2018.09.01-05.19.18:120][  0]LogTemp:Display: Loaded TP WindowsServerTargetPlatform
[2018.09.01-05.19.18:167][  0]LogTemp:Display: Loaded TP WindowsTargetPlatform
[2018.09.01-05.19.18:220][  0]LogTemp:Display: Loaded TP AndroidTargetPlatform
[2018.09.01-05.19.18:273][  0]LogTemp:Display: Loaded TP Android_ASTCTargetPlatform
[2018.09.01-05.19.18:326][  0]LogTemp:Display: Loaded TP Android_ATCTargetPlatform
[2018.09.01-05.19.18:380][  0]LogTemp:Display: Loaded TP Android_DXTTargetPlatform
[2018.09.01-05.19.18:433][  0]LogTemp:Display: Loaded TP Android_ETC1TargetPlatform
[2018.09.01-05.19.18:486][  0]LogTemp:Display: Loaded TP Android_ETC2TargetPlatform
[2018.09.01-05.19.18:593][  0]LogTemp:Display: Loaded TP Android_MultiTargetPlatform
[2018.09.01-05.19.18:593][  0]LogTemp:Display: Loaded TP Android_PVRTCTargetPlatform
[2018.09.01-05.19.18:633][  0]LogTemp:Display: Loaded TP HTML5TargetPlatform
[2018.09.01-05.19.18:734][  0]LogTemp:Display: Loaded TP IOSTargetPlatform
[2018.09.01-05.19.18:783][  0]LogTemp:Display: Loaded TP TVOSTargetPlatform
[2018.09.01-05.19.18:836][  0]LogTemp:Display: Loaded TP LinuxClientTargetPlatform
[2018.09.01-05.19.18:889][  0]LogTemp:Display: Loaded TP LinuxNoEditorTargetPlatform
[2018.09.01-05.19.18:943][  0]LogTemp:Display: Loaded TP LinuxServerTargetPlatform
[2018.09.01-05.19.18:998][  0]LogTemp:Display: Loaded TP LinuxTargetPlatform
[2018.09.01-05.19.18:998][  0]LogTargetPlatformManager:Display: Building Assets For Windows
[2018.09.01-05.19.19:456][  0]LogDerivedDataCache:Display: Max Cache Size: 512 MB
[2018.09.01-05.19.19:500][  0]LogDerivedDataCache: Loaded boot cache 0.04s 72MB C:/Users/yuletian/AppData/Local/UnrealEngine/4.15/DerivedDataCache/Boot.ddc.
[2018.09.01-05.19.19:500][  0]LogDerivedDataCache:Display: Loaded Boot cache: C:/Users/yuletian/AppData/Local/UnrealEngine/4.15/DerivedDataCache/Boot.ddc
[2018.09.01-05.19.19:500][  0]LogDerivedDataCache: FDerivedDataBackendGraph:  Pak pak cache file D:/GameDev/Ue4/MiniKun/DerivedDataCache/DDC.ddp not found, will not use a pak cache.
[2018.09.01-05.19.19:500][  0]LogDerivedDataCache: Unable to find inner node Pak for hierarchical cache Hierarchy.
[2018.09.01-05.19.19:500][  0]LogDerivedDataCache: FDerivedDataBackendGraph:  CompressedPak pak cache file D:/GameDev/Ue4/MiniKun/DerivedDataCache/Compressed.ddp not found, will not use a pak cache.
[2018.09.01-05.19.19:500][  0]LogDerivedDataCache: Unable to find inner node CompressedPak for hierarchical cache Hierarchy.
[2018.09.01-05.19.19:517][  0]LogDerivedDataCache:Display: Pak cache opened for reading ../../../Engine/DerivedDataCache/Compressed.ddp.
[2018.09.01-05.19.19:528][  0]LogDerivedDataCache: Using Local data cache path C:/Users/yuletian/AppData/Local/UnrealEngine/Common/DerivedDataCache: Writable
[2018.09.01-05.19.19:543][  0]LogSlate: Using Freetype 2.6.0
[2018.09.01-05.19.19:544][  0]LogSlate: SlateFontCache - WITH_FREETYPE: 1, WITH_HARFBUZZ: 1
[2018.09.01-05.19.19:544][  0]LogSlate: SlateFontCache - WITH_FREETYPE: 1, WITH_HARFBUZZ: 1
[2018.09.01-05.19.19:805][  0]LogInit: Selected Device Profile: [Windows]
[2018.09.01-05.19.19:809][  0]LogContentStreaming: Texture pool size is 0.00 MB
[2018.09.01-05.19.20:022][  0]LogMeshUtilities: Using QuadricMeshReduction for automatic static mesh reduction
[2018.09.01-05.19.20:067][  0]LogSimplygon: Simplygon DLL not present - disabling.
[2018.09.01-05.19.20:117][  0]LogMeshUtilities: Using SimplygonSwarm for distributed automatic mesh merging
[2018.09.01-05.19.20:117][  0]LogMeshUtilities: No automatic skeletal mesh reduction module available
[2018.09.01-05.19.20:117][  0]LogMeshUtilities: No automatic mesh merging module available
[2018.09.01-05.19.20:615][  0]LogNetVersion: GetLocalNetworkVersion: CL: 3299760, ProjectName: minikun, ProjectVersion: , EngineNetworkVersion: 2, GameNetworkVersion: 0, NetworkChecksum: 903854920
[2018.09.01-05.19.20:662][  0]LogAssetRegistry: FAssetRegistry took 0.0216 seconds to start up
[2018.09.01-05.19.20:703][  0]LogPackageLocalizationCache: Processed 3 localized package path(s) for 1 prioritized culture(s) in 0.015954 seconds
[2018.09.01-05.19.20:710][  0]LogUObjectArray: 32493 objects as part of root set at end of initial load.
[2018.09.01-05.19.20:710][  0]LogUObjectAllocator: 7077024 out of 0 bytes used by permanent object pool.
[2018.09.01-05.19.20:710][  0]LogUObjectArray: CloseDisregardForGC: 0/0 objects in disregard for GC pool
[2018.09.01-05.19.20:776][  0]LogInit: WinSock: version 1.1 (2.2), MaxSocks=32767, MaxUdp=65467
[2018.09.01-05.19.22:465][  0]LogTcpMessaging: Initializing TcpMessaging bridge
[2018.09.01-05.19.22:513][  0]LogUdpMessaging: Initializing bridge on interface 0.0.0.0:0 to multicast group 230.0.0.1:6666.
[2018.09.01-05.19.23:032][  0]LogMaterial: Uniform references updated for custom material expression Custom.
[2018.09.01-05.19.23:427][  0]SourceControl: Info Source control is disabled
[2018.09.01-05.19.23:470][  0]SourceControl: Info Source control is disabled
[2018.09.01-05.19.23:522][  0]SourceControl: Info Source control is disabled
[2018.09.01-05.19.23:576][  0]SourceControl: Info Source control is disabled
[2018.09.01-05.19.24:975][  0]LogEngine: Initializing Engine...
[2018.09.01-05.19.24:975][  0]LogHMD: Failed to initialize OpenVR with code 110
[2018.09.01-05.19.25:084][  0]LogStats: UGameplayTagsManager::ConstructGameplayTagTree: Construct from data asset -  0.000 s
[2018.09.01-05.19.25:084][  0]LogStats: UGameplayTagsManager::ConstructGameplayTagTree: GameplayTagTreeChangedEvent.Broadcast -  0.000 s
[2018.09.01-05.19.25:212][  0]LogAIModule: Creating AISystem for world Untitled
[2018.09.01-05.19.25:219][  0]LogInit: XAudio2 using '扬声器 (Realtek High Definition Audio)' : 2 channels at 48 kHz using 32 bits per sample (channel mask 0x3)
[2018.09.01-05.19.26:015][  0]LogInit: FAudioDevice initialized.
[2018.09.01-05.19.26:041][  0]LogDerivedDataCache: Saved boot cache 0.03s 50MB C:/Users/yuletian/AppData/Local/UnrealEngine/4.15/DerivedDataCache/Boot.ddc.
[2018.09.01-05.19.26:047][  0]LogInit: Texture streaming: Enabled
[2018.09.01-05.19.26:144][  0]LogEngineSessionManager: EngineSessionManager initialized
[2018.09.01-05.19.26:282][  0]LogInit: Transaction tracking system initialized
[2018.09.01-05.19.26:683][  0]BlueprintLog: New page: Editor Load
[2018.09.01-05.19.27:810][  0]LocalizationService: Info Localization service is disabled
[2018.09.01-05.19.28:866][  0]LogConsoleResponse:Display: 
[2018.09.01-05.19.29:005][  0]LogCook:Display: Max memory allowance for cook 16384mb min free memory 0mb
[2018.09.01-05.19.29:005][  0]LogCook:Display: Mobile HDR setting 1
[2018.09.01-05.19.29:867][  0]LogFileCache: Scanning file cache for directory 'D:/GameDev/Ue4/MiniKun/Content/' took 0.01s
[2018.09.01-05.19.30:185][  0]SourceControl: Info Source control is disabled
[2018.09.01-05.19.30:185][  0]Cmd: MAP LOAD FILE="../../../Engine/Content/Maps/Templates/Template_Default.umap" TEMPLATE=1 SHOWPROGRESS=1 FEATURELEVEL=3
[2018.09.01-05.19.30:185][  0]LightingResults: New page: Lighting Build
[2018.09.01-05.19.30:229][  0]MapCheck: New page: Map Check
[2018.09.01-05.19.30:229][  0]LightingResults: New page: Lighting Build
[2018.09.01-05.19.30:427][  0]LogAIModule: Creating AISystem for world Untitled_1
[2018.09.01-05.19.30:443][  0]LogActorComponent: RegisterComponentWithWorld: (/Temp/Untitled_1.Untitled_1:PersistentLevel.WorldSettings_1.StaticMeshComponent0) Trying to register component with IsPendingKill() == true. Aborting.
[2018.09.01-05.19.30:447][  0]LogEditorServer: Finished looking for orphan Actors (0.000 secs)
[2018.09.01-05.19.30:450][  0]Cmd: MAP CHECKDEP NOCLEARLOG
[2018.09.01-05.19.30:497][  0]MapCheck: Info Map check complete: 0 Error(s), 0 Warning(s), took 46.227ms to complete.
[2018.09.01-05.19.30:497][  0]LogFileHelpers: Loading map 'Template_Default' took 0.312
[2018.09.01-05.19.30:669][  0]LogCollectionManager: Loaded 0 collections in 0.001861 seconds
[2018.09.01-05.19.30:765][  0]LogFileCache: Scanning file cache for directory 'D:/GameDev/Ue4/MiniKun/Saved/Collections/' took 0.01s
[2018.09.01-05.19.30:765][  0]LogFileCache: Scanning file cache for directory 'D:/GameDev/Ue4/MiniKun/Content/Developers/yuletian/Collections/' took 0.01s
[2018.09.01-05.19.30:765][  0]LogFileCache: Scanning file cache for directory 'D:/GameDev/Ue4/MiniKun/Content/Collections/' took 0.01s
[2018.09.01-05.19.30:765][  0]LogCollectionManager: Rebuilt the GUID cache for 0 collections in 0.000002 seconds
[2018.09.01-05.19.30:774][  0]LogContentBrowser: Native class hierarchy populated in 0.0080 seconds. Added 2245 classes and 453 folders.
[2018.09.01-05.19.30:863][  0]LogContentBrowser: Native class hierarchy updated for 'WidgetCarousel' in 0.0005 seconds. Added 0 classes and 0 folders.
[2018.09.01-05.19.30:917][  0]LogContentBrowser: Native class hierarchy updated for 'AddContentDialog' in 0.0005 seconds. Added 0 classes and 0 folders.
[2018.09.01-05.19.30:966][  0]LogContentBrowser: Native class hierarchy updated for 'SceneOutliner' in 0.0004 seconds. Added 1 classes and 2 folders.
[2018.09.01-05.19.31:019][  0]LogCrashTracker: Crashtracker disabled due to settings.
[2018.09.01-05.19.31:027][  0]LogUObjectGlobals:Warning: Failed to find object 'Class None.'
[2018.09.01-05.19.31:107][  0]LogContentBrowser: Native class hierarchy updated for 'HierarchicalLODOutliner' in 0.0005 seconds. Added 1 classes and 2 folders.
[2018.09.01-05.19.31:108][  0]LogLoad: (Engine Initialization) Total time: 17.54 seconds
[2018.09.01-05.19.31:108][  0]LogLoad: (Engine Initialization) Total Blueprint compile time: 0.09 seconds
[2018.09.01-05.19.31:108][  0]LogExternalProfiler: Found external profiler: VSPerf
[2018.09.01-05.19.31:108][  0]LogExternalProfiler: Using external profiler: VSPerf
[2018.09.01-05.19.31:448][  0]LogOcInput: OculusInput pre-init called
[2018.09.01-05.19.31:470][  0]LogContentStreaming: Texture pool size now 1000 MB
[2018.09.01-05.19.31:472][  0]LogSlate: Took 0.000427 seconds to synchronously load lazily loaded font '../../../Engine/Content/Slate/Fonts/Roboto-Regular.ttf' (155K)
[2018.09.01-05.19.31:475][  0]LogSlate: Took 0.000267 seconds to synchronously load lazily loaded font '../../../Engine/Content/Slate/Fonts/Roboto-Bold.ttf' (160K)
[2018.09.01-05.19.31:482][  0]LogSlate: Took 0.000324 seconds to synchronously load lazily loaded font '../../../Engine/Content/Editor/Slate/Fonts/FontAwesome.ttf' (139K)
[2018.09.01-05.19.31:679][  0]LogRenderer: Reallocating scene render targets to support 1208x652 NumSamples 1 (Frame:2).
[2018.09.01-05.19.31:798][  1]LogAssetRegistry: Asset discovery search completed in 11.1576 seconds
[2018.09.01-05.19.31:798][  1]LogCollectionManager: Rebuilt the object cache for 0 collections in 0.000013 seconds (found 0 objects)
[2018.09.01-05.19.31:798][  1]LogCollectionManager: Fixed up redirectors for 0 collections in 0.000073 seconds (updated 0 objects)
[2018.09.01-05.19.34:054][118]LogSlate: Took 0.000230 seconds to synchronously load lazily loaded font '../../../Engine/Content/Slate/Fonts/Roboto-Light.ttf' (159K)
[2018.09.01-05.19.36:082][239]LogSlate: Took 0.000132 seconds to synchronously load lazily loaded font '../../../Engine/Content/Slate/Fonts/Roboto-Light.ttf' (159K)
[2018.09.01-05.19.36:330][239]LogAIModule: Creating AISystem for world Game
[2018.09.01-05.19.36:351][239]Cmd: MAP LOAD FILE="D:/GameDev/Ue4/MiniKun/Content/Levels/Game.umap" TEMPLATE=0 SHOWPROGRESS=1 FEATURELEVEL=3
[2018.09.01-05.19.36:351][239]LightingResults: New page: Lighting Build
[2018.09.01-05.19.36:352][239]LoadErrors: New page: Loading map: Game.umap
[2018.09.01-05.19.36:353][239]MapCheck: New page: Map Check
[2018.09.01-05.19.36:353][239]LightingResults: New page: Lighting Build
[2018.09.01-05.19.36:366][239]LogEditorServer: Finished looking for orphan Actors (0.000 secs)
[2018.09.01-05.19.36:387][239]Cmd: MAP CHECKDEP NOCLEARLOG
[2018.09.01-05.19.36:429][239]MapCheck: Info Map check complete: 0 Error(s), 0 Warning(s), took 41.598ms to complete.
[2018.09.01-05.19.36:429][239]LogFileHelpers: Loading map 'Game' took 0.079
[2018.09.01-05.19.38:898][386]LogTemp: Repeting last play command: Selected Viewport
[2018.09.01-05.19.38:910][386]LogPlayLevel: PlayLevel: No blueprints needed recompiling
[2018.09.01-05.19.38:910][386]PIE: New page: PIE session: Game (Sep 1, 2018, 9:19:38 PM)
[2018.09.01-05.19.38:910][386]LogPlayLevel: Creating play world package: /Game/Levels/UEDPIE_0_Game
[2018.09.01-05.19.38:912][386]LogPlayLevel: PIE: StaticDuplicateObject took: (0.001809s)
[2018.09.01-05.19.38:912][386]LogAIModule: Creating AISystem for world Game
[2018.09.01-05.19.38:913][386]LogPlayLevel: PIE: World Init took: (0.000638s)
[2018.09.01-05.19.38:913][386]LogPlayLevel: PIE: Created PIE world by copying editor world from /Game/Levels/Game.Game to /Game/Levels/UEDPIE_0_Game.Game (0.002650s)
[2018.09.01-05.19.38:924][386]LogInit: XAudio2 using '扬声器 (Realtek High Definition Audio)' : 2 channels at 48 kHz using 32 bits per sample (channel mask 0x3)
[2018.09.01-05.19.38:937][386]LogInit: FAudioDevice initialized.
[2018.09.01-05.19.38:981][386]LogLoad: Game class is 'Game_C'
[2018.09.01-05.19.38:984][386]LogWorld: Bringing World /Game/Levels/UEDPIE_0_Game.Game up for play (max tick rate 60) at 2018.09.01-13.19.38
[2018.09.01-05.19.38:984][386]LogWorld: Bringing up level for play took: 0.000871
[2018.09.01-05.19.39:026][386]LogContentBrowser: Native class hierarchy updated for 'MovieSceneCapture' in 0.0005 seconds. Added 11 classes and 0 folders.
[2018.09.01-05.19.39:029][386]PIE: Info Play in editor start time for /Game/Levels/UEDPIE_0_Game 0.433
[2018.09.01-05.19.45:272][730]LogContentBrowser: Native class hierarchy updated for 'BlueprintGraph' in 0.0008 seconds. Added 112 classes and 0 folders.
[2018.09.01-05.19.45:929][730]LogSlate: Took 0.000198 seconds to synchronously load lazily loaded font '../../../Engine/Content/Slate/Fonts/Roboto-Light.ttf' (159K)
[2018.09.01-05.19.45:930][730]LogSlate: Took 0.000214 seconds to synchronously load lazily loaded font '../../../Engine/Content/Editor/Slate/Fonts/Roboto-BoldCondensed.ttf' (158K)
[2018.09.01-05.19.49:429][915]BlueprintLog: New page: Compile RememberWidget
[2018.09.01-05.19.49:944][934]Cmd: OBJ SAVEPACKAGE PACKAGE="/Game/UI/RememberWidget" FILE="D:/GameDev/Ue4/MiniKun/Content/UI/RememberWidget.uasset" SILENT=true
[2018.09.01-05.19.50:013][934]LogSavePackage: Save=56.86ms
[2018.09.01-05.19.50:013][934]LogSavePackage: Moving 'D:/GameDev/Ue4/MiniKun/Saved/RememberWidgetA94764C243C08F468803038C8464AB12.tmp' to 'D:/GameDev/Ue4/MiniKun/Content/UI/RememberWidget.uasset'
[2018.09.01-05.19.50:015][934]LogSavePackage:Display: Finished SavePackage D:/GameDev/Ue4/MiniKun/Content/UI/RememberWidget.uasset
[2018.09.01-05.20.03:464][110]LogEditorViewport: Clicking on Actor (LMB): StaticMeshActor (Plane)
[2018.09.01-05.20.06:739][245]LogTemp: Repeting last play command: Selected Viewport
[2018.09.01-05.20.06:762][245]LogPlayLevel: PlayLevel: No blueprints needed recompiling
[2018.09.01-05.20.06:762][245]PIE: New page: PIE session: Game (Sep 1, 2018, 9:20:06 PM)
[2018.09.01-05.20.06:762][245]LogPlayLevel: Creating play world package: /Game/Levels/UEDPIE_0_Game
[2018.09.01-05.20.06:764][245]LogPlayLevel: PIE: StaticDuplicateObject took: (0.001550s)
[2018.09.01-05.20.06:764][245]LogAIModule: Creating AISystem for world Game
[2018.09.01-05.20.06:765][245]LogPlayLevel: PIE: World Init took: (0.000742s)
[2018.09.01-05.20.06:765][245]LogPlayLevel: PIE: Created PIE world by copying editor world from /Game/Levels/Game.Game to /Game/Levels/UEDPIE_0_Game.Game (0.002570s)
[2018.09.01-05.20.06:784][245]LogInit: XAudio2 using '扬声器 (Realtek High Definition Audio)' : 2 channels at 48 kHz using 32 bits per sample (channel mask 0x3)
[2018.09.01-05.20.06:796][245]LogInit: FAudioDevice initialized.
[2018.09.01-05.20.06:829][245]LogLoad: Game class is 'Game_C'
[2018.09.01-05.20.06:832][245]LogWorld: Bringing World /Game/Levels/UEDPIE_0_Game.Game up for play (max tick rate 60) at 2018.09.01-13.20.06
[2018.09.01-05.20.06:832][245]LogWorld: Bringing up level for play took: 0.001228
[2018.09.01-05.20.06:835][245]PIE: Info Play in editor start time for /Game/Levels/UEDPIE_0_Game 0.239
[2018.09.01-05.28.11:714][388]LogTemp: Repeting last play command: Selected Viewport
[2018.09.01-05.28.11:727][388]LogPlayLevel: PlayLevel: No blueprints needed recompiling
[2018.09.01-05.28.11:727][388]PIE: New page: PIE session: Game (Sep 1, 2018, 9:28:11 PM)
[2018.09.01-05.28.11:727][388]LogPlayLevel: Creating play world package: /Game/Levels/UEDPIE_0_Game
[2018.09.01-05.28.11:729][388]LogPlayLevel: PIE: StaticDuplicateObject took: (0.001852s)
[2018.09.01-05.28.11:730][388]LogAIModule: Creating AISystem for world Game
[2018.09.01-05.28.11:730][388]LogPlayLevel: PIE: World Init took: (0.001009s)
[2018.09.01-05.28.11:730][388]LogPlayLevel: PIE: Created PIE world by copying editor world from /Game/Levels/Game.Game to /Game/Levels/UEDPIE_0_Game.Game (0.003187s)
[2018.09.01-05.28.11:745][388]LogInit: XAudio2 using '扬声器 (Realtek High Definition Audio)' : 2 channels at 48 kHz using 32 bits per sample (channel mask 0x3)
[2018.09.01-05.28.11:758][388]LogInit: FAudioDevice initialized.
[2018.09.01-05.28.11:787][388]LogLoad: Game class is 'Game_C'
[2018.09.01-05.28.11:790][388]LogWorld: Bringing World /Game/Levels/UEDPIE_0_Game.Game up for play (max tick rate 60) at 2018.09.01-13.28.11
[2018.09.01-05.28.11:790][388]LogWorld: Bringing up level for play took: 0.001107
[2018.09.01-05.28.11:792][388]PIE: Info Play in editor start time for /Game/Levels/UEDPIE_0_Game -0.803
[2018.09.01-05.29.00:735][303]Cmd: QUIT_EDITOR
[2018.09.01-05.29.01:170][303]LogWindowsTextInputMethodSystem:Display: IME system now deactivated.
[2018.09.01-05.29.01:195][303]LogExit: Preparing to exit.
[2018.09.01-05.29.01:991][303]LogExit: Editor shut down
[2018.09.01-05.29.01:991][303]LogExit: Transaction tracking system shut down
[2018.09.01-05.29.02:067][303]LogObj: Freed 0b from 0 cluster array pools.
[2018.09.01-05.29.02:067][303]LogExit: Object subsystem successfully closed.
[2018.09.01-05.29.02:088][303]LogD3D11RHI: Shutdown
[2018.09.01-05.29.02:088][303]LogD3D11RHI: CleanupD3DDevice
[2018.09.01-05.29.02:139][303]LogD3D11RHI: ~FD3D11DynamicRHI
[2018.09.01-05.29.02:155][303]LogModuleManager: Shutting down and abandoning module SequencerWidgets (506)
[2018.09.01-05.29.02:155][303]LogModuleManager: Shutting down and abandoning module BlueprintGraph (504)
[2018.09.01-05.29.02:155][303]LogModuleManager: Shutting down and abandoning module BlueprintProfiler (502)
[2018.09.01-05.29.02:155][303]LogModuleManager: Shutting down and abandoning module MovieSceneCapture (500)
[2018.09.01-05.29.02:155][303]LogModuleManager: Shutting down and abandoning module HierarchicalLODOutliner (498)
[2018.09.01-05.29.02:155][303]LogModuleManager: Shutting down and abandoning module CrashTracker (496)
[2018.09.01-05.29.02:155][303]LogModuleManager: Shutting down and abandoning module SceneOutliner (494)
[2018.09.01-05.29.02:155][303]LogModuleManager: Shutting down and abandoning module AddContentDialog (492)
[2018.09.01-05.29.02:155][303]LogDirectoryWatcher: A directory notification for 'C:/Program Files/Epic Games/UE_4.15/FeaturePacks/' was aborted.
[2018.09.01-05.29.02:156][303]LogModuleManager: Shutting down and abandoning module WidgetCarousel (491)
[2018.09.01-05.29.02:156][303]LogModuleManager: Shutting down and abandoning module EditorWidgets (488)
[2018.09.01-05.29.02:156][303]LogModuleManager: Shutting down and abandoning module CollectionManager (486)
[2018.09.01-05.29.02:156][303]LogDirectoryWatcher: A directory notification for 'D:/GameDev/Ue4/MiniKun/Content/Collections/' was aborted.
[2018.09.01-05.29.02:156][303]LogDirectoryWatcher: A directory notification for 'D:/GameDev/Ue4/MiniKun/Content/Developers/yuletian/Collections/' was aborted.
[2018.09.01-05.29.02:156][303]LogDirectoryWatcher: A directory notification for 'D:/GameDev/Ue4/MiniKun/Saved/Collections/' was aborted.
[2018.09.01-05.29.02:156][303]LogModuleManager: Shutting down and abandoning module StatsViewer (484)
[2018.09.01-05.29.02:156][303]LogModuleManager: Shutting down and abandoning module FoliageEdit (482)
[2018.09.01-05.29.02:156][303]LogModuleManager: Shutting down and abandoning module LandscapeEditor (480)
[2018.09.01-05.29.02:156][303]LogModuleManager: Shutting down and abandoning module SceneDepthPickerMode (478)
[2018.09.01-05.29.02:156][303]LogModuleManager: Shutting down and abandoning module ActorPickerMode (476)
[2018.09.01-05.29.02:156][303]LogModuleManager: Shutting down and abandoning module GeometryMode (474)
[2018.09.01-05.29.02:156][303]LogModuleManager: Shutting down and abandoning module TextureAlignMode (472)
[2018.09.01-05.29.02:156][303]LogModuleManager: Shutting down and abandoning module BspMode (470)
[2018.09.01-05.29.02:156][303]LogModuleManager: Shutting down and abandoning module HardwareSurvey (468)
[2018.09.01-05.29.02:156][303]LogModuleManager: Shutting down and abandoning module SequenceRecorderSections (466)
[2018.09.01-05.29.02:156][303]LogModuleManager: Shutting down and abandoning module AutomationWorker (464)
[2018.09.01-05.29.02:156][303]LogModuleManager: Shutting down and abandoning module MatineeToLevelSequence (462)
[2018.09.01-05.29.02:156][303]LogModuleManager: Shutting down and abandoning module LevelSequenceEditor (460)
[2018.09.01-05.29.02:156][303]LogModuleManager: Shutting down and abandoning module PlacementMode (459)
[2018.09.01-05.29.02:156][303]LogModuleManager: Shutting down and abandoning module WmfMediaFactory (456)
[2018.09.01-05.29.02:156][303]LogModuleManager: Shutting down and abandoning module WmfMediaEditor (454)
[2018.09.01-05.29.02:156][303]LogModuleManager: Shutting down and abandoning module MfMediaFactory (452)
[2018.09.01-05.29.02:156][303]LogModuleManager: Shutting down and abandoning module MfMediaEditor (450)
[2018.09.01-05.29.02:156][303]LogModuleManager: Shutting down and abandoning module AvfMediaFactory (448)
[2018.09.01-05.29.02:156][303]LogModuleManager: Shutting down and abandoning module AvfMediaEditor (446)
[2018.09.01-05.29.02:156][303]LogModuleManager: Shutting down and abandoning module AndroidMediaFactory (444)
[2018.09.01-05.29.02:156][303]LogModuleManager: Shutting down and abandoning module Media (443)
[2018.09.01-05.29.02:156][303]LogModuleManager: Shutting down and abandoning module AndroidMediaEditor (440)
[2018.09.01-05.29.02:156][303]LogModuleManager: Shutting down and abandoning module CharacterAI (438)
[2018.09.01-05.29.02:156][303]LogModuleManager: Shutting down and abandoning module AudioCapture (436)
[2018.09.01-05.29.02:156][303]LogModuleManager: Shutting down and abandoning module SequenceRecorder (435)
[2018.09.01-05.29.02:156][303]LogModuleManager: Shutting down and abandoning module SmartSnapping (432)
[2018.09.01-05.29.02:156][303]LogModuleManager: Shutting down and abandoning module SessionServices (430)
[2018.09.01-05.29.02:156][303]LogModuleManager: Shutting down and abandoning module ViewportSnapping (428)
[2018.09.01-05.29.02:156][303]LogModuleManager: Shutting down and abandoning module ViewportInteraction (426)
[2018.09.01-05.29.02:156][303]LogModuleManager: Shutting down and abandoning module LogVisualizer (424)
[2018.09.01-05.29.02:156][303]LogModuleManager: Shutting down and abandoning module IntroTutorials (422)
[2018.09.01-05.29.02:157][303]LogModuleManager: Shutting down and abandoning module GameProjectGeneration (421)
[2018.09.01-05.29.02:157][303]LogModuleManager: Shutting down and abandoning module EditorLiveStreaming (418)
[2018.09.01-05.29.02:157][303]LogModuleManager: Shutting down and abandoning module IOSPlatformEditor (416)
[2018.09.01-05.29.02:157][303]LogModuleManager: Shutting down and abandoning module HTML5PlatformEditor (414)
[2018.09.01-05.29.02:157][303]LogModuleManager: Shutting down and abandoning module AndroidPlatformEditor (412)
[2018.09.01-05.29.02:157][303]LogModuleManager: Shutting down and abandoning module AndroidDeviceDetection (411)
[2018.09.01-05.29.02:824][303]LogModuleManager: Shutting down and abandoning module IOSRuntimeSettings (408)
[2018.09.01-05.29.02:824][303]LogModuleManager: Shutting down and abandoning module AndroidRuntimeSettings (406)
[2018.09.01-05.29.02:824][303]LogModuleManager: Shutting down and abandoning module InputBindingEditor (404)
[2018.09.01-05.29.02:824][303]LogModuleManager: Shutting down and abandoning module NiagaraEditor (402)
[2018.09.01-05.29.02:824][303]LogModuleManager: Shutting down and abandoning module MergeActors (400)
[2018.09.01-05.29.02:824][303]LogModuleManager: Shutting down and abandoning module SizeMap (398)
[2018.09.01-05.29.02:824][303]LogModuleManager: Shutting down and abandoning module TreeMap (396)
[2018.09.01-05.29.02:824][303]LogModuleManager: Shutting down and abandoning module ReferenceViewer (394)
[2018.09.01-05.29.02:824][303]LogModuleManager: Shutting down and abandoning module LocalizationDashboard (392)
[2018.09.01-05.29.02:824][303]LogModuleManager: Shutting down and abandoning module LocalizationService (391)
[2018.09.01-05.29.02:825][303]LogModuleManager: Shutting down and abandoning module HardwareTargeting (388)
[2018.09.01-05.29.02:825][303]LogModuleManager: Shutting down and abandoning module DeviceProfileEditor (386)
[2018.09.01-05.29.02:825][303]LogModuleManager: Shutting down and abandoning module UndoHistory (384)
[2018.09.01-05.29.02:825][303]LogModuleManager: Shutting down and abandoning module UserFeedback (382)
[2018.09.01-05.29.02:825][303]LogModuleManager: Shutting down and abandoning module XmlParser (380)
[2018.09.01-05.29.02:825][303]LogModuleManager: Shutting down and abandoning module Blutility (378)
[2018.09.01-05.29.02:825][303]LogModuleManager: Shutting down and abandoning module ProjectSettingsViewer (376)
[2018.09.01-05.29.02:825][303]LogModuleManager: Shutting down and abandoning module ProjectTargetPlatformEditor (375)
[2018.09.01-05.29.02:825][303]LogModuleManager: Shutting down and abandoning module EditorSettingsViewer (372)
[2018.09.01-05.29.02:825][303]LogModuleManager: Shutting down and abandoning module SettingsEditor (370)
[2018.09.01-05.29.02:825][303]LogModuleManager: Shutting down and abandoning module ProjectLauncher (368)
[2018.09.01-05.29.02:825][303]LogModuleManager: Shutting down and abandoning module SessionFrontend (366)
[2018.09.01-05.29.02:825][303]LogModuleManager: Shutting down and abandoning module ProfilerClient (364)
[2018.09.01-05.29.02:825][303]LogModuleManager: Shutting down and abandoning module DeviceManager (362)
[2018.09.01-05.29.02:825][303]LogModuleManager: Shutting down and abandoning module TargetDeviceServices (361)
[2018.09.01-05.29.02:869][303]LogModuleManager: Shutting down and abandoning module AutomationController (358)
[2018.09.01-05.29.02:869][303]LogModuleManager: Shutting down and abandoning module AutomationWindow (356)
[2018.09.01-05.29.02:869][303]LogModuleManager: Shutting down and abandoning module Layers (354)
[2018.09.01-05.29.02:869][303]LogModuleManager: Shutting down and abandoning module ComponentVisualizers (352)
[2018.09.01-05.29.02:869][303]LogModuleManager: Shutting down and abandoning module DetailCustomizations (350)
[2018.09.01-05.29.02:869][303]LogModuleManager: Shutting down and abandoning module PackagesDialog (348)
[2018.09.01-05.29.02:869][303]LogModuleManager: Shutting down and abandoning module Persona (346)
[2018.09.01-05.29.02:869][303]LogModuleManager: Shutting down and abandoning module AnimGraph (345)
[2018.09.01-05.29.02:869][303]LogModuleManager: Shutting down and abandoning module Kismet (342)
[2018.09.01-05.29.02:876][303]LogModuleManager: Shutting down and abandoning module GraphEditor (340)
[2018.09.01-05.29.02:876][303]LogModuleManager: Shutting down and abandoning module ClassViewer (338)
[2018.09.01-05.29.02:876][303]LogModuleManager: Shutting down and abandoning module Toolbox (336)
[2018.09.01-05.29.02:876][303]LogModuleManager: Shutting down and abandoning module ModuleUI (334)
[2018.09.01-05.29.02:876][303]LogModuleManager: Shutting down and abandoning module MovieSceneTools (332)
[2018.09.01-05.29.02:876][303]LogModuleManager: Shutting down and abandoning module OutputLog (330)
[2018.09.01-05.29.02:876][303]LogModuleManager: Shutting down and abandoning module GammaUI (328)
[2018.09.01-05.29.02:876][303]LogModuleManager: Shutting down and abandoning module Documentation (326)
[2018.09.01-05.29.02:876][303]LogModuleManager: Shutting down and abandoning module Niagara (324)
[2018.09.01-05.29.02:876][303]LogModuleManager: Shutting down and abandoning module StreamingPauseRendering (322)
[2018.09.01-05.29.02:876][303]LogModuleManager: Shutting down and abandoning module AnalyticsET (320)
[2018.09.01-05.29.02:876][303]LogModuleManager: Shutting down and abandoning module PortalServices (318)
[2018.09.01-05.29.02:876][303]LogModuleManager: Shutting down and abandoning module PortalRpc (316)
[2018.09.01-05.29.02:876][303]LogModuleManager: Shutting down and abandoning module MessagingRpc (314)
[2018.09.01-05.29.02:876][303]LogModuleManager: Shutting down and abandoning module AIModule (312)
[2018.09.01-05.29.02:876][303]LogModuleManager: Shutting down and abandoning module GameplayDebugger (311)
[2018.09.01-05.29.02:876][303]LogModuleManager: Shutting down and abandoning module AITestSuite (309)
[2018.09.01-05.29.02:876][303]LogModuleManager: Shutting down and abandoning module ProfilerService (306)
[2018.09.01-05.29.03:043][303]LogModuleManager: Shutting down and abandoning module TaskGraph (304)
[2018.09.01-05.29.03:043][303]LogModuleManager: Shutting down and abandoning module SteamVRController (302)
[2018.09.01-05.29.03:043][303]LogModuleManager: Shutting down and abandoning module SteamVR (300)
[2018.09.01-05.29.03:043][303]LogModuleManager: Shutting down and abandoning module ProceduralMeshComponentEditor (298)
[2018.09.01-05.29.03:043][303]LogModuleManager: Shutting down and abandoning module ProceduralMeshComponent (296)
[2018.09.01-05.29.03:043][303]LogModuleManager: Shutting down and abandoning module OculusLibrary (294)
[2018.09.01-05.29.03:043][303]LogModuleManager: Shutting down and abandoning module OculusInput (292)
[2018.09.01-05.29.03:043][303]LogModuleManager: Shutting down and abandoning module MobilePatchingUtils (290)
[2018.09.01-05.29.03:043][303]LogModuleManager: Shutting down and abandoning module CustomMeshComponent (288)
[2018.09.01-05.29.03:043][303]LogModuleManager: Shutting down and abandoning module CableComponent (286)
[2018.09.01-05.29.03:043][303]LogModuleManager: Shutting down and abandoning module ArchVisCharacter (284)
[2018.09.01-05.29.03:043][303]LogModuleManager: Shutting down and abandoning module MediaPlayerEditor (280)
[2018.09.01-05.29.03:043][303]LogModuleManager: Shutting down and abandoning module HTML5Networking (278)
[2018.09.01-05.29.03:043][303]LogModuleManager: Shutting down and abandoning module AlembicImporter (276)
[2018.09.01-05.29.03:043][303]LogModuleManager: Shutting down and abandoning module AlembicLibrary (275)
[2018.09.01-05.29.03:043][303]LogModuleManager: Shutting down and abandoning module GeometryCache (274)
[2018.09.01-05.29.03:043][303]LogModuleManager: Shutting down and abandoning module GeometryCacheEd (273)
[2018.09.01-05.29.03:043][303]LogModuleManager: Shutting down and abandoning module SuperSearchEditor (268)
[2018.09.01-05.29.03:043][303]LogModuleManager: Shutting down and abandoning module SuperSearch (267)
[2018.09.01-05.29.03:043][303]LogModuleManager: Shutting down and abandoning module SpeedTreeImporter (264)
[2018.09.01-05.29.03:043][303]LogModuleManager: Shutting down and abandoning module PluginBrowser (262)
[2018.09.01-05.29.03:044][303]LogModuleManager: Shutting down and abandoning module MobileLauncherProfileWizard (260)
[2018.09.01-05.29.03:044][303]LogModuleManager: Shutting down and abandoning module EpicSurvey (258)
[2018.09.01-05.29.03:044][303]LogModuleManager: Shutting down and abandoning module VisualStudioSourceCodeAccess (256)
[2018.09.01-05.29.03:044][303]LogModuleManager: Shutting down and abandoning module DesktopPlatform (255)
[2018.09.01-05.29.03:044][303]LogModuleManager: Shutting down and abandoning module UObjectPlugin (252)
[2018.09.01-05.29.03:044][303]LogModuleManager: Shutting down and abandoning module SubversionSourceControl (250)
[2018.09.01-05.29.03:044][303]LogModuleManager: Shutting down and abandoning module PerforceSourceControl (248)
[2018.09.01-05.29.03:044][303]LogModuleManager: Shutting down and abandoning module GitSourceControl (246)
[2018.09.01-05.29.03:044][303]LogModuleManager: Shutting down and abandoning module SourceControl (245)
[2018.09.01-05.29.03:044][303]LogModuleManager: Shutting down and abandoning module LightPropagationVolumeEditor (242)
[2018.09.01-05.29.03:044][303]LogModuleManager: Shutting down and abandoning module PaperTiledImporter (240)
[2018.09.01-05.29.03:044][303]LogModuleManager: Shutting down and abandoning module PaperSpriteSheetImporter (238)
[2018.09.01-05.29.03:044][303]LogModuleManager: Shutting down and abandoning module Paper2DEditor (236)
[2018.09.01-05.29.03:044][303]LogModuleManager: Shutting down and abandoning module MeshPaint (235)
[2018.09.01-05.29.03:044][303]LogModuleManager: Shutting down and abandoning module LevelEditor (233)
[2018.09.01-05.29.03:044][303]LogModuleManager: Shutting down and abandoning module PixelInspectorModule (232)
[2018.09.01-05.29.03:044][303]LogModuleManager: Shutting down and abandoning module MainFrame (230)
[2018.09.01-05.29.03:044][303]LogModuleManager: Shutting down and abandoning module HotReload (229)
[2018.09.01-05.29.03:045][303]LogModuleManager: Shutting down and abandoning module ContentBrowser (225)
[2018.09.01-05.29.03:045][303]LogModuleManager: Shutting down and abandoning module PhysXVehiclesEditor (222)
[2018.09.01-05.29.03:045][303]LogModuleManager: Shutting down and abandoning module PhysXVehicles (220)
[2018.09.01-05.29.03:045][303]LogModuleManager: Shutting down and abandoning module LocationServicesBPLibrary (218)
[2018.09.01-05.29.03:045][303]LogModuleManager: Shutting down and abandoning module UdpMessaging (216)
[2018.09.01-05.29.03:147][303]LogModuleManager: Shutting down and abandoning module TcpMessaging (214)
[2018.09.01-05.29.03:248][303]LogModuleManager: Shutting down and abandoning module GameplayTagsEditor (212)
[2018.09.01-05.29.03:248][303]LogModuleManager: Shutting down and abandoning module FacialAnimationEditor (210)
[2018.09.01-05.29.03:248][303]LogModuleManager: Shutting down and abandoning module FacialAnimation (208)
[2018.09.01-05.29.03:248][303]LogModuleManager: Shutting down and abandoning module LightPropagationVolumeRuntime (206)
[2018.09.01-05.29.03:248][303]LogModuleManager: Shutting down and abandoning module Paper2D (204)
[2018.09.01-05.29.03:248][303]LogModuleManager: Shutting down and abandoning module WindowsMoviePlayer (202)
[2018.09.01-05.29.03:248][303]LogModuleManager: Shutting down and abandoning module WmfMedia (200)
[2018.09.01-05.29.03:250][303]LogModuleManager: Shutting down and abandoning module MfMedia (198)
[2018.09.01-05.29.03:250][303]LogModuleManager: Shutting down and abandoning module MediaAssets (196)
[2018.09.01-05.29.03:250][303]LogModuleManager: Shutting down and abandoning module GameLiveStreaming (194)
[2018.09.01-05.29.03:250][303]LogModuleManager: Shutting down and abandoning module VREditor (192)
[2018.09.01-05.29.03:250][303]LogModuleManager: Shutting down and abandoning module GameplayTasksEditor (190)
[2018.09.01-05.29.03:250][303]LogModuleManager: Shutting down and abandoning module BehaviorTreeEditor (188)
[2018.09.01-05.29.03:250][303]LogModuleManager: Shutting down and abandoning module FunctionalTesting (186)
[2018.09.01-05.29.03:250][303]LogModuleManager: Shutting down and abandoning module CollisionAnalyzer (184)
[2018.09.01-05.29.03:250][303]LogModuleManager: Shutting down and abandoning module UMG (182)
[2018.09.01-05.29.03:250][303]LogModuleManager: Shutting down and abandoning module UMGEditor (181)
[2018.09.01-05.29.03:250][303]LogModuleManager: Shutting down and abandoning module Sequencer (180)
[2018.09.01-05.29.03:250][303]LogModuleManager: Shutting down and abandoning module AssetTools (178)
[2018.09.01-05.29.03:250][303]LogModuleManager: Shutting down and abandoning module MessageLog (177)
[2018.09.01-05.29.03:250][303]LogModuleManager: Shutting down and abandoning module WorkspaceMenuStructure (176)
[2018.09.01-05.29.03:250][303]LogModuleManager: Shutting down and abandoning module SlateReflector (170)
[2018.09.01-05.29.03:250][303]LogModuleManager: Shutting down and abandoning module Slate (168)
[2018.09.01-05.29.03:250][303]LogModuleManager: Shutting down and abandoning module EditorStyle (166)
[2018.09.01-05.29.03:253][303]LogModuleManager: Shutting down and abandoning module SourceCodeAccess (164)
[2018.09.01-05.29.03:253][303]LogModuleManager: Shutting down and abandoning module HeadMountedDisplay (162)
[2018.09.01-05.29.03:253][303]LogModuleManager: Shutting down and abandoning module XAudio2 (160)
[2018.09.01-05.29.03:253][303]LogModuleManager: Shutting down and abandoning module Networking (158)
[2018.09.01-05.29.03:253][303]LogModuleManager: Shutting down and abandoning module Core (154)
[2018.09.01-05.29.03:253][303]LogModuleManager: Shutting down and abandoning module AssetRegistry (152)
[2018.09.01-05.29.03:398][303]LogDirectoryWatcher: A directory notification for '../../../Engine/Content/' was aborted.
[2018.09.01-05.29.03:399][303]LogDirectoryWatcher: A directory notification for 'D:/GameDev/Ue4/MiniKun/Content/' was aborted.
[2018.09.01-05.29.03:399][303]LogDirectoryWatcher: A directory notification for '../../../Engine/Plugins/2D/Paper2D/Content/' was aborted.
[2018.09.01-05.29.03:399][303]LogModuleManager: Shutting down and abandoning module DirectoryWatcher (151)
[2018.09.01-05.29.03:399][303]LogModuleManager: Shutting down and abandoning module KismetCompiler (148)
[2018.09.01-05.29.03:399][303]LogModuleManager: Shutting down and abandoning module PhysXFormats (146)
[2018.09.01-05.29.03:399][303]LogModuleManager: Shutting down and abandoning module MeshUtilities (144)
[2018.09.01-05.29.03:400][303]LogModuleManager: Shutting down and abandoning module SimplygonSwarm (143)
[2018.09.01-05.29.03:400][303]LogModuleManager: Shutting down and abandoning module SimplygonMeshReduction (141)
[2018.09.01-05.29.03:400][303]LogModuleManager: Shutting down and abandoning module QuadricMeshReduction (139)
[2018.09.01-05.29.03:400][303]LogModuleManager: Shutting down and abandoning module PropertyEditor (137)
[2018.09.01-05.29.03:400][303]LogModuleManager: Shutting down and abandoning module DerivedDataCache (134)
[2018.09.01-05.29.03:471][303]LogDerivedDataCache: Shutdown
[2018.09.01-05.29.03:472][303]LogModuleManager: Shutting down and abandoning module TargetPlatform (132)
[2018.09.01-05.29.03:472][303]LogModuleManager: Shutting down and abandoning module VulkanShaderFormat (131)
[2018.09.01-05.29.03:472][303]LogModuleManager: Shutting down and abandoning module ShaderFormatOpenGL (129)
[2018.09.01-05.29.03:472][303]LogModuleManager: Shutting down and abandoning module ShaderFormatD3D (127)
[2018.09.01-05.29.03:472][303]LogModuleManager: Shutting down and abandoning module MetalShaderFormat (125)
[2018.09.01-05.29.03:472][303]LogModuleManager: Shutting down and abandoning module TextureFormatUncompressed (123)
[2018.09.01-05.29.03:472][303]LogModuleManager: Shutting down and abandoning module TextureFormatPVR (121)
[2018.09.01-05.29.03:472][303]LogModuleManager: Shutting down and abandoning module TextureFormatDXT (119)
[2018.09.01-05.29.03:472][303]LogModuleManager: Shutting down and abandoning module TextureFormatIntelISPCTexComp (117)
[2018.09.01-05.29.03:472][303]LogModuleManager: Shutting down and abandoning module TextureFormatASTC (115)
[2018.09.01-05.29.03:472][303]LogModuleManager: Shutting down and abandoning module ImageWrapper (114)
[2018.09.01-05.29.03:473][303]LogModuleManager: Shutting down and abandoning module TextureFormatAndroid (111)
[2018.09.01-05.29.03:473][303]LogModuleManager: Shutting down and abandoning module AudioFormatOpus (109)
[2018.09.01-05.29.03:473][303]LogModuleManager: Shutting down and abandoning module AudioFormatOgg (107)
[2018.09.01-05.29.03:473][303]LogModuleManager: Shutting down and abandoning module AudioFormatADPCM (105)
[2018.09.01-05.29.03:473][303]LogModuleManager: Shutting down and abandoning module LinuxTargetPlatform (103)
[2018.09.01-05.29.03:473][303]LogModuleManager: Shutting down and abandoning module LinuxServerTargetPlatform (101)
[2018.09.01-05.29.03:473][303]LogModuleManager: Shutting down and abandoning module LinuxNoEditorTargetPlatform (99)
[2018.09.01-05.29.03:473][303]LogModuleManager: Shutting down and abandoning module LinuxClientTargetPlatform (97)
[2018.09.01-05.29.03:473][303]LogModuleManager: Shutting down and abandoning module TVOSTargetPlatform (95)
[2018.09.01-05.29.03:473][303]LogModuleManager: Shutting down and abandoning module Messaging (93)
[2018.09.01-05.29.03:473][303]LogModuleManager: Shutting down and abandoning module IOSTargetPlatform (91)
[2018.09.01-05.29.03:473][303]LogModuleManager: Shutting down and abandoning module HTML5TargetPlatform (89)
[2018.09.01-05.29.03:473][303]LogModuleManager: Shutting down and abandoning module Android_PVRTCTargetPlatform (87)
[2018.09.01-05.29.03:473][303]LogModuleManager: Shutting down and abandoning module Android_MultiTargetPlatform (85)
[2018.09.01-05.29.03:473][303]LogModuleManager: Shutting down and abandoning module Android_ETC2TargetPlatform (83)
[2018.09.01-05.29.03:473][303]LogModuleManager: Shutting down and abandoning module Android_ETC1TargetPlatform (81)
[2018.09.01-05.29.03:473][303]LogModuleManager: Shutting down and abandoning module Android_DXTTargetPlatform (79)
[2018.09.01-05.29.03:473][303]LogModuleManager: Shutting down and abandoning module Android_ATCTargetPlatform (77)
[2018.09.01-05.29.03:473][303]LogModuleManager: Shutting down and abandoning module Android_ASTCTargetPlatform (75)
[2018.09.01-05.29.03:473][303]LogModuleManager: Shutting down and abandoning module AndroidTargetPlatform (73)
[2018.09.01-05.29.03:473][303]LogModuleManager: Shutting down and abandoning module WindowsTargetPlatform (71)
[2018.09.01-05.29.03:473][303]LogModuleManager: Shutting down and abandoning module WindowsServerTargetPlatform (69)
[2018.09.01-05.29.03:473][303]LogModuleManager: Shutting down and abandoning module WindowsNoEditorTargetPlatform (67)
[2018.09.01-05.29.03:473][303]LogModuleManager: Shutting down and abandoning module WindowsClientTargetPlatform (65)
[2018.09.01-05.29.03:473][303]LogModuleManager: Shutting down and abandoning module MacTargetPlatform (63)
[2018.09.01-05.29.03:473][303]LogModuleManager: Shutting down and abandoning module MacServerTargetPlatform (61)
[2018.09.01-05.29.03:473][303]LogModuleManager: Shutting down and abandoning module MacNoEditorTargetPlatform (59)
[2018.09.01-05.29.03:473][303]LogModuleManager: Shutting down and abandoning module MacClientTargetPlatform (57)
[2018.09.01-05.29.03:474][303]LogModuleManager: Shutting down and abandoning module AllDesktopTargetPlatform (55)
[2018.09.01-05.29.03:474][303]LogModuleManager: Shutting down and abandoning module InputCore (52)
[2018.09.01-05.29.03:474][303]LogModuleManager: Shutting down and abandoning module Settings (50)
[2018.09.01-05.29.03:474][303]LogModuleManager: Shutting down and abandoning module OculusRift (48)
[2018.09.01-05.29.03:474][303]LogModuleManager: Shutting down and abandoning module GearVR (46)
[2018.09.01-05.29.03:474][303]LogModuleManager: Shutting down and abandoning module ExampleDeviceProfileSelector (44)
[2018.09.01-05.29.03:474][303]LogModuleManager: Shutting down and abandoning module OnlineBlueprintSupport (42)
[2018.09.01-05.29.03:474][303]LogModuleManager: Shutting down and abandoning module OnlineSubsystem (38)
[2018.09.01-05.29.03:474][303]LogOnline:Display: Unloading online subsystem: NULL
[2018.09.01-05.29.03:474][303]LogModuleManager: Shutting down and abandoning module XMPP (37)
[2018.09.01-05.29.03:474][303]LogModuleManager: Shutting down and abandoning module HTTP (35)
[2018.09.01-05.29.03:474][303]LogHttp:Display: Http module shutting down, but needs to wait on 1 outstanding Http requests:
[2018.09.01-05.29.03:474][303]LogHttp:Display: 	verb=[POST] url=[https://datarouter.ol.epicgames.com/datarouter/api/v1/public/data?SessionID=%7BB7BB5528-47A9-CA6C-0A6A-D794D4AAAF8C%7D&AppID=UEEditor.Rocket.Release&AppVersion=4.15.3-3450819%2B%2B%2BUE4%2BRelease-4.15&UserID=43e103244ecd26d89914a7baebb63c4d%7C4d9b30cef53847839b863ee7ae7ce7d0%7C0ac03b15-9fab-471e-a6c3-19c0978c83ab&AppEnvironment=datacollector-binary&UploadType=eteventstream] status=Processing
[2018.09.01-05.29.03:496][303]LogModuleManager: Shutting down and abandoning module SSL (34)
[2018.09.01-05.29.03:500][303]LogModuleManager: Shutting down and abandoning module AudioEditor (30)
[2018.09.01-05.29.03:500][303]LogModuleManager: Shutting down and abandoning module TextureCompressor (28)
[2018.09.01-05.29.03:500][303]LogModuleManager: Shutting down and abandoning module ShaderCore (26)
[2018.09.01-05.29.03:500][303]LogModuleManager: Shutting down and abandoning module Landscape (24)
[2018.09.01-05.29.03:500][303]LogModuleManager: Shutting down and abandoning module SlateRHIRenderer (22)
[2018.09.01-05.29.03:501][303]LogModuleManager: Shutting down and abandoning module OpenGLDrv (20)
[2018.09.01-05.29.03:501][303]LogModuleManager: Shutting down and abandoning module D3D11RHI (18)
[2018.09.01-05.29.03:501][303]LogModuleManager: Shutting down and abandoning module AnimGraphRuntime (16)
[2018.09.01-05.29.03:501][303]LogModuleManager: Shutting down and abandoning module Renderer (14)
[2018.09.01-05.29.03:501][303]LogModuleManager: Shutting down and abandoning module Engine (12)
[2018.09.01-05.29.03:501][303]LogModuleManager: Shutting down and abandoning module CoreUObject (10)
[2018.09.01-05.29.03:501][303]LogModuleManager: Shutting down and abandoning module NetworkFile (8)
[2018.09.01-05.29.03:501][303]LogModuleManager: Shutting down and abandoning module StreamingFile (6)
[2018.09.01-05.29.03:501][303]LogModuleManager: Shutting down and abandoning module SandboxFile (4)
[2018.09.01-05.29.03:501][303]LogModuleManager: Shutting down and abandoning module PakFile (2)
[2018.09.01-05.29.03:503][303]LogExit: Exiting.
[2018.09.01-05.29.03:504][303]Log file closed, 09/01/18 13:29:03
